[debug] > Exec(compile, None, None)
[debug] Evaluating tasks: Compile / compile
[debug] Running task... Cancel: Signal, check cycles: false, forcegc: true
[info] Compiling 1 protobuf files to C:\Users\anair38\Documents\CS441\LogMessageLocator\target\scala-3.1.3\src_managed\main\scalapb
[info] compiling 8 Scala sources to C:\Users\anair38\Documents\CS441\LogMessageLocator\target\scala-3.1.3\classes ...
[error] -- [E040] Syntax Error: C:\Users\anair38\Documents\CS441\LogMessageLocator\src\main\scala\GrpcClient.scala:4:0 
[error] 4 |import org.slf4j.Logger
[error]   |^^^^^^
[error]   |'.' expected, but 'end of statement' found
[error] -- [E006] Not Found Error: C:\Users\anair38\Documents\CS441\LogMessageLocator\src\main\scala\GrpcClient.scala:3:7 
[error] 3 |import log
[error]   |       ^^^
[error]   |       Not found: log
[error]   |
[error]   | longer explanation available when compiling with `-explain`
[error] -- [E006] Not Found Error: C:\Users\anair38\Documents\CS441\LogMessageLocator\src\main\scala\GrpcClient.scala:55:45 
[error] 55 |                   private val blockingStub: LogFetcherGrpc.LogFetcherBlockingStub){
[error]    |                                             ^^^^^^^^^^^^^^
[error]    |                                             Not found: LogFetcherGrpc
[error]    |
[error]    | longer explanation available when compiling with `-explain`
[error] -- [E006] Not Found Error: C:\Users\anair38\Documents\CS441\LogMessageLocator\src\main\scala\GrpcClient.scala:13:23 
[error] 13 |    val blockingStub = LogFetcherGrpc.blockingStub(channel)
[error]    |                       ^^^^^^^^^^^^^^
[error]    |                       Not found: LogFetcherGrpc
[error]    |
[error]    | longer explanation available when compiling with `-explain`
[error] -- [E006] Not Found Error: C:\Users\anair38\Documents\CS441\LogMessageLocator\src\main\scala\GrpcClient.scala:67:18 
[error] 67 |    val request = LogRequest(startTime = startTime, timeInterval = timeInterval, pattern =  pattern)
[error]    |                  ^^^^^^^^^^
[error]    |                  Not found: LogRequest
[error]    |
[error]    | longer explanation available when compiling with `-explain`
[error] 5 errors found
[error] (Compile / compileIncremental) Compilation failed
[error] Total time: 17 s, completed Oct 30, 2022, 5:49:26 PM
[debug] > Exec(idea-shell, None, None)
